Determining if the pthread_create exist failed with the following output:
Change Dir: /home/sergio/Downloads/3pi_gaming/build/CMakeFiles/CMakeTmp

Run Build Command:"/usr/bin/make" "cmTC_f17c7/fast"
/usr/bin/make -f CMakeFiles/cmTC_f17c7.dir/build.make CMakeFiles/cmTC_f17c7.dir/build
make[1]: Entering directory '/home/sergio/Downloads/3pi_gaming/build/CMakeFiles/CMakeTmp'
Building C object CMakeFiles/cmTC_f17c7.dir/CheckSymbolExists.c.o
/usr/bin/cc     -o CMakeFiles/cmTC_f17c7.dir/CheckSymbolExists.c.o   -c /home/sergio/Downloads/3pi_gaming/build/CMakeFiles/CMakeTmp/CheckSymbolExists.c
Linking C executable cmTC_f17c7
/usr/bin/cmake -E cmake_link_script CMakeFiles/cmTC_f17c7.dir/link.txt --verbose=1
/usr/bin/cc       CMakeFiles/cmTC_f17c7.dir/CheckSymbolExists.c.o  -o cmTC_f17c7 -rdynamic 
CMakeFiles/cmTC_f17c7.dir/CheckSymbolExists.c.o: In function `main':
CheckSymbolExists.c:(.text+0x16): undefined reference to `pthread_create'
collect2: error: ld returned 1 exit status
CMakeFiles/cmTC_f17c7.dir/build.make:97: recipe for target 'cmTC_f17c7' failed
make[1]: *** [cmTC_f17c7] Error 1
make[1]: Leaving directory '/home/sergio/Downloads/3pi_gaming/build/CMakeFiles/CMakeTmp'
Makefile:126: recipe for target 'cmTC_f17c7/fast' failed
make: *** [cmTC_f17c7/fast] Error 2

File /home/sergio/Downloads/3pi_gaming/build/CMakeFiles/CMakeTmp/CheckSymbolExists.c:
/* */
#include <pthread.h>

int main(int argc, char** argv)
{
  (void)argv;
#ifndef pthread_create
  return ((int*)(&pthread_create))[argc];
#else
  (void)argc;
  return 0;
#endif
}

Determining if the function pthread_create exists in the pthreads failed with the following output:
Change Dir: /home/sergio/Downloads/3pi_gaming/build/CMakeFiles/CMakeTmp

Run Build Command:"/usr/bin/make" "cmTC_7d322/fast"
/usr/bin/make -f CMakeFiles/cmTC_7d322.dir/build.make CMakeFiles/cmTC_7d322.dir/build
make[1]: Entering directory '/home/sergio/Downloads/3pi_gaming/build/CMakeFiles/CMakeTmp'
Building C object CMakeFiles/cmTC_7d322.dir/CheckFunctionExists.c.o
/usr/bin/cc    -DCHECK_FUNCTION_EXISTS=pthread_create   -o CMakeFiles/cmTC_7d322.dir/CheckFunctionExists.c.o   -c /usr/share/cmake-3.5/Modules/CheckFunctionExists.c
Linking C executable cmTC_7d322
/usr/bin/cmake -E cmake_link_script CMakeFiles/cmTC_7d322.dir/link.txt --verbose=1
/usr/bin/cc   -DCHECK_FUNCTION_EXISTS=pthread_create    CMakeFiles/cmTC_7d322.dir/CheckFunctionExists.c.o  -o cmTC_7d322 -rdynamic -lpthreads 
/usr/bin/ld: cannot find -lpthreads
collect2: error: ld returned 1 exit status
CMakeFiles/cmTC_7d322.dir/build.make:97: recipe for target 'cmTC_7d322' failed
make[1]: *** [cmTC_7d322] Error 1
make[1]: Leaving directory '/home/sergio/Downloads/3pi_gaming/build/CMakeFiles/CMakeTmp'
Makefile:126: recipe for target 'cmTC_7d322/fast' failed
make: *** [cmTC_7d322/fast] Error 2


Determining if the Q_WS_WIN exist failed with the following output:
Change Dir: /home/sergio/Downloads/3pi_gaming/build/CMakeFiles/CMakeTmp

Run Build Command:"/usr/bin/make" "cmTC_57a2a/fast"
/usr/bin/make -f CMakeFiles/cmTC_57a2a.dir/build.make CMakeFiles/cmTC_57a2a.dir/build
make[1]: Entering directory '/home/sergio/Downloads/3pi_gaming/build/CMakeFiles/CMakeTmp'
Building CXX object CMakeFiles/cmTC_57a2a.dir/CheckSymbolExists.cxx.o
/usr/bin/c++    -I/usr/include/qt4   -o CMakeFiles/cmTC_57a2a.dir/CheckSymbolExists.cxx.o -c /home/sergio/Downloads/3pi_gaming/build/CMakeFiles/CMakeTmp/CheckSymbolExists.cxx
/home/sergio/Downloads/3pi_gaming/build/CMakeFiles/CMakeTmp/CheckSymbolExists.cxx: In function ‘int main(int, char**)’:
/home/sergio/Downloads/3pi_gaming/build/CMakeFiles/CMakeTmp/CheckSymbolExists.cxx:8:19: error: ‘Q_WS_WIN’ was not declared in this scope
   return ((int*)(&Q_WS_WIN))[argc];
                   ^
CMakeFiles/cmTC_57a2a.dir/build.make:65: recipe for target 'CMakeFiles/cmTC_57a2a.dir/CheckSymbolExists.cxx.o' failed
make[1]: *** [CMakeFiles/cmTC_57a2a.dir/CheckSymbolExists.cxx.o] Error 1
make[1]: Leaving directory '/home/sergio/Downloads/3pi_gaming/build/CMakeFiles/CMakeTmp'
Makefile:126: recipe for target 'cmTC_57a2a/fast' failed
make: *** [cmTC_57a2a/fast] Error 2

File /home/sergio/Downloads/3pi_gaming/build/CMakeFiles/CMakeTmp/CheckSymbolExists.cxx:
/* */
#include <QtCore/qglobal.h>

int main(int argc, char** argv)
{
  (void)argv;
#ifndef Q_WS_WIN
  return ((int*)(&Q_WS_WIN))[argc];
#else
  (void)argc;
  return 0;
#endif
}

Determining if the Q_WS_QWS exist failed with the following output:
Change Dir: /home/sergio/Downloads/3pi_gaming/build/CMakeFiles/CMakeTmp

Run Build Command:"/usr/bin/make" "cmTC_2ecbf/fast"
/usr/bin/make -f CMakeFiles/cmTC_2ecbf.dir/build.make CMakeFiles/cmTC_2ecbf.dir/build
make[1]: Entering directory '/home/sergio/Downloads/3pi_gaming/build/CMakeFiles/CMakeTmp'
Building CXX object CMakeFiles/cmTC_2ecbf.dir/CheckSymbolExists.cxx.o
/usr/bin/c++    -I/usr/include/qt4   -o CMakeFiles/cmTC_2ecbf.dir/CheckSymbolExists.cxx.o -c /home/sergio/Downloads/3pi_gaming/build/CMakeFiles/CMakeTmp/CheckSymbolExists.cxx
/home/sergio/Downloads/3pi_gaming/build/CMakeFiles/CMakeTmp/CheckSymbolExists.cxx: In function ‘int main(int, char**)’:
/home/sergio/Downloads/3pi_gaming/build/CMakeFiles/CMakeTmp/CheckSymbolExists.cxx:8:19: error: ‘Q_WS_QWS’ was not declared in this scope
   return ((int*)(&Q_WS_QWS))[argc];
                   ^
CMakeFiles/cmTC_2ecbf.dir/build.make:65: recipe for target 'CMakeFiles/cmTC_2ecbf.dir/CheckSymbolExists.cxx.o' failed
make[1]: *** [CMakeFiles/cmTC_2ecbf.dir/CheckSymbolExists.cxx.o] Error 1
make[1]: Leaving directory '/home/sergio/Downloads/3pi_gaming/build/CMakeFiles/CMakeTmp'
Makefile:126: recipe for target 'cmTC_2ecbf/fast' failed
make: *** [cmTC_2ecbf/fast] Error 2

File /home/sergio/Downloads/3pi_gaming/build/CMakeFiles/CMakeTmp/CheckSymbolExists.cxx:
/* */
#include <QtCore/qglobal.h>

int main(int argc, char** argv)
{
  (void)argv;
#ifndef Q_WS_QWS
  return ((int*)(&Q_WS_QWS))[argc];
#else
  (void)argc;
  return 0;
#endif
}

Determining if the Q_WS_MAC exist failed with the following output:
Change Dir: /home/sergio/Downloads/3pi_gaming/build/CMakeFiles/CMakeTmp

Run Build Command:"/usr/bin/make" "cmTC_cd306/fast"
/usr/bin/make -f CMakeFiles/cmTC_cd306.dir/build.make CMakeFiles/cmTC_cd306.dir/build
make[1]: Entering directory '/home/sergio/Downloads/3pi_gaming/build/CMakeFiles/CMakeTmp'
Building CXX object CMakeFiles/cmTC_cd306.dir/CheckSymbolExists.cxx.o
/usr/bin/c++    -I/usr/include/qt4   -o CMakeFiles/cmTC_cd306.dir/CheckSymbolExists.cxx.o -c /home/sergio/Downloads/3pi_gaming/build/CMakeFiles/CMakeTmp/CheckSymbolExists.cxx
/home/sergio/Downloads/3pi_gaming/build/CMakeFiles/CMakeTmp/CheckSymbolExists.cxx: In function ‘int main(int, char**)’:
/home/sergio/Downloads/3pi_gaming/build/CMakeFiles/CMakeTmp/CheckSymbolExists.cxx:8:19: error: ‘Q_WS_MAC’ was not declared in this scope
   return ((int*)(&Q_WS_MAC))[argc];
                   ^
CMakeFiles/cmTC_cd306.dir/build.make:65: recipe for target 'CMakeFiles/cmTC_cd306.dir/CheckSymbolExists.cxx.o' failed
make[1]: *** [CMakeFiles/cmTC_cd306.dir/CheckSymbolExists.cxx.o] Error 1
make[1]: Leaving directory '/home/sergio/Downloads/3pi_gaming/build/CMakeFiles/CMakeTmp'
Makefile:126: recipe for target 'cmTC_cd306/fast' failed
make: *** [cmTC_cd306/fast] Error 2

File /home/sergio/Downloads/3pi_gaming/build/CMakeFiles/CMakeTmp/CheckSymbolExists.cxx:
/* */
#include <QtCore/qglobal.h>

int main(int argc, char** argv)
{
  (void)argv;
#ifndef Q_WS_MAC
  return ((int*)(&Q_WS_MAC))[argc];
#else
  (void)argc;
  return 0;
#endif
}

